<?xml version="1.0" encoding="UTF-8"?>
<testng-results ignored="0" total="4" passed="4" failed="0" skipped="0">
  <reporter-output>
  </reporter-output>
  <suite started-at="2023-10-02T10:22:03 IST" name="Suite" finished-at="2023-10-02T10:22:03 IST" duration-ms="148">
    <groups>
    </groups>
    <test started-at="2023-10-02T10:22:03 IST" name="Test" finished-at="2023-10-02T10:22:03 IST" duration-ms="148">
      <class name="testCases.Tc3Test">
        <test-method signature="m3()[pri:0, instance:testCases.Tc3Test@52af26ee]" started-at="2023-10-02T10:22:03 IST" name="m3" finished-at="2023-10-02T10:22:03 IST" duration-ms="7" status="PASS">
          <reporter-output>
          </reporter-output>
        </test-method> <!-- m3 -->
      </class> <!-- testCases.Tc3Test -->
      <class name="testCases.Tc2Test">
        <test-method signature="m2()[pri:0, instance:testCases.Tc2Test@47987356]" started-at="2023-10-02T10:22:03 IST" name="m2" finished-at="2023-10-02T10:22:03 IST" duration-ms="17" status="PASS">
          <reporter-output>
          </reporter-output>
        </test-method> <!-- m2 -->
        <test-method signature="m4()[pri:0, instance:testCases.Tc2Test@47987356]" started-at="2023-10-02T10:22:03 IST" name="m4" finished-at="2023-10-02T10:22:03 IST" duration-ms="3" status="PASS">
          <reporter-output>
          </reporter-output>
        </test-method> <!-- m4 -->
      </class> <!-- testCases.Tc2Test -->
      <class name="testCases.Tc1Test">
        <test-method signature="m1()[pri:0, instance:testCases.Tc1Test@6fd83fc1]" started-at="2023-10-02T10:22:03 IST" name="m1" finished-at="2023-10-02T10:22:03 IST" duration-ms="6" status="PASS">
          <reporter-output>
          </reporter-output>
        </test-method> <!-- m1 -->
      </class> <!-- testCases.Tc1Test -->
    </test> <!-- Test -->
  </suite> <!-- Suite -->
</testng-results>
