<?xml version="1.0" encoding="UTF-8"?>
<!-- Generated by org.testng.reporters.JUnitXMLReporter -->
<testsuite ignored="0" hostname="DESKTOP-I59386F" failures="0" tests="4" name="Test" time="0.148" errors="0" timestamp="2023-10-02T10:22:03 IST">
  <testcase classname="testCases.Tc2Test" name="m2" time="0.017"/>
  <testcase classname="testCases.Tc2Test" name="m4" time="0.003"/>
  <testcase classname="testCases.Tc3Test" name="m3" time="0.007"/>
  <testcase classname="testCases.Tc1Test" name="m1" time="0.006"/>
</testsuite> <!-- Test -->
